<?xml version="1.0" encoding="UTF-8"?>
<testsuite name="linalg.matrix.MatrixEntryTest" tests="8" skipped="0" failures="0" errors="0" timestamp="2022-05-22T15:08:15" hostname="Daniil" time="0.005">
  <properties/>
  <testcase name="RowSmallListOfEntries()" classname="linalg.matrix.MatrixEntryTest" time="0.001"/>
  <testcase name="CoordSimpleCheckOfEquality()" classname="linalg.matrix.MatrixEntryTest" time="0.0"/>
  <testcase name="ValueSmallListOfEntriesIntegers()" classname="linalg.matrix.MatrixEntryTest" time="0.0"/>
  <testcase name="ColSmallListOfEntries()" classname="linalg.matrix.MatrixEntryTest" time="0.0"/>
  <testcase name="HashCodeEqualityToAdjacentShouldBeEqual()" classname="linalg.matrix.MatrixEntryTest" time="0.0"/>
  <testcase name="EqualsSimpleTestWithSmallAmountOfEntries()" classname="linalg.matrix.MatrixEntryTest" time="0.0"/>
  <testcase name="ValueSmallListOfEntriesDoubles()" classname="linalg.matrix.MatrixEntryTest" time="0.0"/>
  <testcase name="EqualsSimpleTestWithBigAmountOfEntriesTwoAdjacentShouldBeEqual()" classname="linalg.matrix.MatrixEntryTest" time="0.001"/>
  <system-out><![CDATA[]]></system-out>
  <system-err><![CDATA[]]></system-err>
</testsuite>
