<?xml version="1.0" encoding="UTF-8"?>
<testsuite name="linalg.matrix.MatrixFactoryTest" tests="5" skipped="0" failures="0" errors="0" timestamp="2022-08-10T09:12:53" hostname="Daniil" time="0.092">
  <properties/>
  <testcase name="DenseMultiplyIncorrectDimensionsExceptionHandling()" classname="linalg.matrix.MatrixFactoryTest" time="0.001"/>
  <testcase name="DenseMultiplyWithCorrectDimensionsSquareSize()" classname="linalg.matrix.MatrixFactoryTest" time="0.0"/>
  <testcase name="DenseMultiplyWithCorrectDimensionsNonSquareSize()" classname="linalg.matrix.MatrixFactoryTest" time="0.0"/>
  <testcase name="AddForTwoDenseMatrixWithExceptionHandlingForIncorrectDimensions()" classname="linalg.matrix.MatrixFactoryTest" time="0.087"/>
  <testcase name="SparseMultiplyWithCorrectDimensionsNonSquareSize()" classname="linalg.matrix.MatrixFactoryTest" time="0.001"/>
  <system-out><![CDATA[]]></system-out>
  <system-err><![CDATA[]]></system-err>
</testsuite>
