<?xml version="1.0" encoding="UTF-8"?>
<testsuite name="linalg.algorithms.LUDecompositionTest" tests="4" skipped="0" failures="0" errors="0" timestamp="2022-05-22T15:08:15" hostname="Daniil" time="0.01">
  <properties/>
  <testcase name="ConstructionLUSmallCase()" classname="linalg.algorithms.LUDecompositionTest" time="0.004"/>
  <testcase name="LUDecompositionConstructorIncorrectInput()" classname="linalg.algorithms.LUDecompositionTest" time="0.001"/>
  <testcase name="LUDecompositionConstructorCorrectInput()" classname="linalg.algorithms.LUDecompositionTest" time="0.001"/>
  <testcase name="Determinant()" classname="linalg.algorithms.LUDecompositionTest" time="0.002"/>
  <system-out><![CDATA[1.0
0.0
0.0
0.0
0.0
3.0
1.0
0.0
0.0
0.0
1.0
4.0
1.0
0.0
0.0
2.0
1.0
7.0
1.0
0.0
0.0
0.0
0.0
0.0
1.0
1.0
0.0
0.0
0.0
3.0
1.0
0.0
0.0
1.0
4.0
1.0
0.0
2.0
1.0
7.0
1.0
]]></system-out>
  <system-err><![CDATA[]]></system-err>
</testsuite>
