<?xml version="1.0" encoding="UTF-8"?>
<testsuite name="linalg.algorithms.LUDecompositionTest" tests="4" skipped="0" failures="0" errors="0" timestamp="2022-08-10T09:12:53" hostname="Daniil" time="0.006">
  <properties/>
  <testcase name="ConstructionLUSmallCase()" classname="linalg.algorithms.LUDecompositionTest" time="0.002"/>
  <testcase name="LUDecompositionConstructorIncorrectInput()" classname="linalg.algorithms.LUDecompositionTest" time="0.001"/>
  <testcase name="LUDecompositionConstructorCorrectInput()" classname="linalg.algorithms.LUDecompositionTest" time="0.001"/>
  <testcase name="Determinant()" classname="linalg.algorithms.LUDecompositionTest" time="0.0"/>
  <system-out><![CDATA[]]></system-out>
  <system-err><![CDATA[]]></system-err>
</testsuite>
