<?xml version="1.0" encoding="UTF-8"?>
<testsuite name="linalg.matrix.COOMatrixBuilderTest" tests="3" skipped="0" failures="0" errors="0" timestamp="2022-05-22T15:08:15" hostname="Daniil" time="0.03">
  <properties/>
  <testcase name="BuildMatrixComparedWithManuallyCreatedObject()" classname="linalg.matrix.COOMatrixBuilderTest" time="0.02"/>
  <testcase name="GetValueWithExceptionHandlingWhileBadParamsSentToConstructor()" classname="linalg.matrix.COOMatrixBuilderTest" time="0.004"/>
  <testcase name="SetValueWithExceptionHandlingWhileBadParamsSentToConstructor()" classname="linalg.matrix.COOMatrixBuilderTest" time="0.004"/>
  <system-out><![CDATA[]]></system-out>
  <system-err><![CDATA[]]></system-err>
</testsuite>
