<?xml version="1.0" encoding="UTF-8"?>
<testsuite name="linalg.matrix.MatrixUtilsTest" tests="3" skipped="0" failures="0" errors="0" timestamp="2022-08-10T09:12:53" hostname="Daniil" time="0.002">
  <properties/>
  <testcase name="MatrixIsSquareCorrect()" classname="linalg.matrix.MatrixUtilsTest" time="0.0"/>
  <testcase name="MatrixIsNotSquareCorrect()" classname="linalg.matrix.MatrixUtilsTest" time="0.001"/>
  <testcase name="EntriesByColWorksCorrectly()" classname="linalg.matrix.MatrixUtilsTest" time="0.001"/>
  <system-out><![CDATA[]]></system-out>
  <system-err><![CDATA[]]></system-err>
</testsuite>
