<?xml version="1.0" encoding="UTF-8"?>
<testsuite name="linalg.matrix.COOMatrixBuilderTest" tests="3" skipped="0" failures="0" errors="0" timestamp="2022-08-10T09:12:53" hostname="Daniil" time="0.028">
  <properties/>
  <testcase name="BuildMatrixComparedWithManuallyCreatedObject()" classname="linalg.matrix.COOMatrixBuilderTest" time="0.015"/>
  <testcase name="GetValueWithExceptionHandlingWhileBadParamsSentToConstructor()" classname="linalg.matrix.COOMatrixBuilderTest" time="0.005"/>
  <testcase name="SetValueWithExceptionHandlingWhileBadParamsSentToConstructor()" classname="linalg.matrix.COOMatrixBuilderTest" time="0.006"/>
  <system-out><![CDATA[]]></system-out>
  <system-err><![CDATA[]]></system-err>
</testsuite>
