<?xml version="1.0" encoding="UTF-8"?>
<testsuite name="linalg.algorithms.concurrency.MultithreadedAlgorithmsTest" tests="4" skipped="0" failures="0" errors="0" timestamp="2022-08-10T09:12:53" hostname="Daniil" time="0.013">
  <properties/>
  <testcase name="HarderSparseMultiplication()" classname="linalg.algorithms.concurrency.MultithreadedAlgorithmsTest" time="0.007"/>
  <testcase name="BasicDenseMultiplication()" classname="linalg.algorithms.concurrency.MultithreadedAlgorithmsTest" time="0.004"/>
  <testcase name="HarderDenseMultiplication()" classname="linalg.algorithms.concurrency.MultithreadedAlgorithmsTest" time="0.001"/>
  <testcase name="BasicSparseMultiplication()" classname="linalg.algorithms.concurrency.MultithreadedAlgorithmsTest" time="0.001"/>
  <system-out><![CDATA[]]></system-out>
  <system-err><![CDATA[]]></system-err>
</testsuite>
