<?xml version="1.0" encoding="UTF-8"?>
<testsuite name="linalg.algorithms.eigen.EigenValuesWithQRTest" tests="2" skipped="0" failures="0" errors="0" timestamp="2022-08-10T09:12:53" hostname="Daniil" time="0.004">
  <properties/>
  <testcase name="BasicMatrix()" classname="linalg.algorithms.eigen.EigenValuesWithQRTest" time="0.003"/>
  <testcase name="BasicDiagonalMatrix()" classname="linalg.algorithms.eigen.EigenValuesWithQRTest" time="0.001"/>
  <system-out><![CDATA[]]></system-out>
  <system-err><![CDATA[]]></system-err>
</testsuite>
