<?xml version="1.0" encoding="UTF-8"?>
<testsuite name="linalg.algorithm.comp.AlgorithmStatsTest" tests="4" skipped="0" failures="0" errors="0" timestamp="2022-08-10T09:12:52" hostname="Daniil" time="0.711">
  <properties/>
  <testcase name="AverageTimeIsRight()" classname="linalg.algorithm.comp.AlgorithmStatsTest" time="0.013"/>
  <testcase name="BestRunIsRight()" classname="linalg.algorithm.comp.AlgorithmStatsTest" time="0.0"/>
  <testcase name="TimeMeasuredCorrectly()" classname="linalg.algorithm.comp.AlgorithmStatsTest" time="0.693"/>
  <testcase name="WorstRunIsRight()" classname="linalg.algorithm.comp.AlgorithmStatsTest" time="0.001"/>
  <system-out><![CDATA[]]></system-out>
  <system-err><![CDATA[]]></system-err>
</testsuite>
