<?xml version="1.0" encoding="UTF-8"?>
<testsuite name="linalg.matrix.COOMatrixTest" tests="7" skipped="0" failures="0" errors="0" timestamp="2022-08-10T09:12:53" hostname="Daniil" time="0.244">
  <properties/>
  <testcase name="ColumnsWithEmptyMap()" classname="linalg.matrix.COOMatrixTest" time="0.001"/>
  <testcase name="RowsWithCorrectEntriesAndNonEmptyMap()" classname="linalg.matrix.COOMatrixTest" time="0.005"/>
  <testcase name="ColumnsWithCorrectEntriesAndNonEmptyMap()" classname="linalg.matrix.COOMatrixTest" time="0.006"/>
  <testcase name="AddingEachValueOfEntryToListAndCheckingTheResult()" classname="linalg.matrix.COOMatrixTest" time="0.22"/>
  <testcase name="RowsWithEmptyMap()" classname="linalg.matrix.COOMatrixTest" time="0.0"/>
  <testcase name="ValueAtForSquareMatrix()" classname="linalg.matrix.COOMatrixTest" time="0.003"/>
  <testcase name="TransposeWorksCorrectly()" classname="linalg.matrix.COOMatrixTest" time="0.006"/>
  <system-out><![CDATA[]]></system-out>
  <system-err><![CDATA[]]></system-err>
</testsuite>
