<?xml version="1.0" encoding="UTF-8"?>
<testsuite name="linalg.matrix.DenseMatrixBuilderTest" tests="3" skipped="0" failures="0" errors="0" timestamp="2022-08-10T09:12:53" hostname="Daniil" time="0.008">
  <properties/>
  <testcase name="BuildMatrixComparisonWithDenseMatrixConstructorRowsColsAndDefaultValue()" classname="linalg.matrix.DenseMatrixBuilderTest" time="0.001"/>
  <testcase name="GetValueForSmallMatrixWithExceptionHandlingWhileCreatingArrayWithIntegers()" classname="linalg.matrix.DenseMatrixBuilderTest" time="0.003"/>
  <testcase name="SetValueForSmallMatrixWithExceptionHandlingWhileCreatingArrayWithIntegers()" classname="linalg.matrix.DenseMatrixBuilderTest" time="0.003"/>
  <system-out><![CDATA[]]></system-out>
  <system-err><![CDATA[]]></system-err>
</testsuite>
