<?xml version="1.0" encoding="UTF-8"?>
<testsuite name="linalg.matrix.DenseMatrixTest" tests="8" skipped="0" failures="0" errors="0" timestamp="2022-08-10T09:12:53" hostname="Daniil" time="0.019">
  <properties/>
  <testcase name="NumberOfRowsWhileCreatingDenseMatrixWithArray()" classname="linalg.matrix.DenseMatrixTest" time="0.0"/>
  <testcase name="NumberOfColumnsWhileCreatingDenseMatrixWithArray()" classname="linalg.matrix.DenseMatrixTest" time="0.0"/>
  <testcase name="NumberOfRowsAndExceptionHandlingWhileCreatingDenseMatrixWithIntegers()" classname="linalg.matrix.DenseMatrixTest" time="0.004"/>
  <testcase name="NumberOfColumnsAndExceptionHandlingWhileCreatingDenseMatrixWithIntegers()" classname="linalg.matrix.DenseMatrixTest" time="0.004"/>
  <testcase name="ValueAtForDifferentSizedMatrix()" classname="linalg.matrix.DenseMatrixTest" time="0.001"/>
  <testcase name="ForEachEntryForSmallMatrixSimpleValueCheck()" classname="linalg.matrix.DenseMatrixTest" time="0.001"/>
  <testcase name="ValueAtDiagonalForSquareDenseMatrix()" classname="linalg.matrix.DenseMatrixTest" time="0.0"/>
  <testcase name="TransposeWorksCorrectly()" classname="linalg.matrix.DenseMatrixTest" time="0.005"/>
  <system-out><![CDATA[]]></system-out>
  <system-err><![CDATA[]]></system-err>
</testsuite>
