<?xml version="1.0" encoding="UTF-8"?>
<testsuite name="linalg.algorithms.GramSchmidtTest" tests="4" skipped="0" failures="0" errors="0" timestamp="2022-08-10T09:12:53" hostname="Daniil" time="0.011">
  <properties/>
  <testcase name="Decompose()" classname="linalg.algorithms.GramSchmidtTest" time="0.004"/>
  <testcase name="DecomposeZeroMatrix()" classname="linalg.algorithms.GramSchmidtTest" time="0.001"/>
  <testcase name="DecomposeIdentityMatrix()" classname="linalg.algorithms.GramSchmidtTest" time="0.001"/>
  <testcase name="DecomposeVector()" classname="linalg.algorithms.GramSchmidtTest" time="0.002"/>
  <system-out><![CDATA[]]></system-out>
  <system-err><![CDATA[]]></system-err>
</testsuite>
