<?xml version="1.0" encoding="UTF-8"?>
<testsuite name="linalg.algorithms.GramSchmidtTest" tests="1" skipped="0" failures="0" errors="0" timestamp="2022-05-22T15:08:15" hostname="Daniil" time="0.004">
  <properties/>
  <testcase name="Decompose()" classname="linalg.algorithms.GramSchmidtTest" time="0.004"/>
  <system-out><![CDATA[]]></system-out>
  <system-err><![CDATA[]]></system-err>
</testsuite>
